# JRE version: Java(TM) SE Runtime Environment (8.0_31-b13) (build 1.8.0_31-b13)
# Java VM: Java HotSpot(TM) 64-Bit Server VM (25.31-b07 mixed mode bsd-amd64 compressed oops)
Heap:
 PSYoungGen      total 104960K, used 30432K [0x0000000795580000, 0x000000079d880000, 0x00000007c0000000)
  eden space 78848K, 11% used [0x0000000795580000,0x0000000795e038f8,0x000000079a280000)
  from space 26112K, 83% used [0x000000079bf00000,0x000000079d434750,0x000000079d880000)
  to   space 27648K, 0% used [0x000000079a280000,0x000000079a280000,0x000000079bd80000)
 ParOldGen       total 62976K, used 21876K [0x0000000740000000, 0x0000000743d80000, 0x0000000795580000)
  object space 62976K, 34% used [0x0000000740000000,0x000000074155d398,0x0000000743d80000)
 Metaspace       used 23394K, capacity 23724K, committed 23984K, reserved 1071104K
  class space    used 3142K, capacity 3231K, committed 3248K, reserved 1048576K
GC Heap History (10 events):
Event: 4366.545 GC heap before
{Heap before GC invocations=73 (full 17):
 PSYoungGen      total 115200K, used 115016K [0x0000000795580000, 0x000000079e880000, 0x00000007c0000000)
  eden space 93184K, 100% used [0x0000000795580000,0x000000079b080000,0x000000079b080000)
  from space 22016K, 99% used [0x000000079b380000,0x000000079c8d2160,0x000000079c900000)
  to   space 28672K, 0% used [0x000000079cc80000,0x000000079cc80000,0x000000079e880000)
 ParOldGen       total 62976K, used 16726K [0x0000000740000000, 0x0000000743d80000, 0x0000000795580000)
  object space 62976K, 26% used [0x0000000740000000,0x0000000741055bd8,0x0000000743d80000)
 Metaspace       used 23379K, capacity 23660K, committed 23984K, reserved 1071104K
  class space    used 3141K, capacity 3231K, committed 3248K, reserved 1048576K
Event: 4366.550 GC heap after
Heap after GC invocations=73 (full 17):
 PSYoungGen      total 114688K, used 17925K [0x0000000795580000, 0x000000079e480000, 0x00000007c0000000)
  eden space 90112K, 0% used [0x0000000795580000,0x0000000795580000,0x000000079ad80000)
  from space 24576K, 72% used [0x000000079cc80000,0x000000079de01750,0x000000079e480000)
  to   space 28160K, 0% used [0x000000079ad80000,0x000000079ad80000,0x000000079c900000)
 ParOldGen       total 62976K, used 16726K [0x0000000740000000, 0x0000000743d80000, 0x0000000795580000)
  object space 62976K, 26% used [0x0000000740000000,0x0000000741055bd8,0x0000000743d80000)
 Metaspace       used 23379K, capacity 23660K, committed 23984K, reserved 1071104K
  class space    used 3141K, capacity 3231K, committed 3248K, reserved 1048576K
}
Event: 4576.468 GC heap before
{Heap before GC invocations=74 (full 17):
 PSYoungGen      total 114688K, used 104042K [0x0000000795580000, 0x000000079e480000, 0x00000007c0000000)
  eden space 90112K, 95% used [0x0000000795580000,0x000000079a9992b8,0x000000079ad80000)
  from space 24576K, 72% used [0x000000079cc80000,0x000000079de01750,0x000000079e480000)
  to   space 28160K, 0% used [0x000000079ad80000,0x000000079ad80000,0x000000079c900000)
 ParOldGen       total 62976K, used 16726K [0x0000000740000000, 0x0000000743d80000, 0x0000000795580000)
  object space 62976K, 26% used [0x0000000740000000,0x0000000741055bd8,0x0000000743d80000)
 Metaspace       used 23380K, capacity 23660K, committed 23984K, reserved 1071104K
  class space    used 3141K, capacity 3231K, committed 3248K, reserved 1048576K
Event: 4576.472 GC heap after
Heap after GC invocations=74 (full 17):
 PSYoungGen      total 102912K, used 15385K [0x0000000795580000, 0x000000079df80000, 0x00000007c0000000)
  eden space 87040K, 0% used [0x0000000795580000,0x0000000795580000,0x000000079aa80000)
  from space 15872K, 96% used [0x000000079ad80000,0x000000079bc865b0,0x000000079bd00000)
  to   space 27136K, 0% used [0x000000079c500000,0x000000079c500000,0x000000079df80000)
 ParOldGen       total 62976K, used 16726K [0x0000000740000000, 0x0000000743d80000, 0x0000000795580000)
  object space 62976K, 26% used [0x0000000740000000,0x0000000741055bd8,0x0000000743d80000)
 Metaspace       used 23380K, capacity 23660K, committed 23984K, reserved 1071104K
  class space    used 3141K, capacity 3231K, committed 3248K, reserved 1048576K
}
Event: 11226.055 GC heap before
{Heap before GC invocations=75 (full 17):
 PSYoungGen      total 102912K, used 101458K [0x0000000795580000, 0x000000079df80000, 0x00000007c0000000)
  eden space 87040K, 98% used [0x0000000795580000,0x000000079a98e5d0,0x000000079aa80000)
  from space 15872K, 96% used [0x000000079ad80000,0x000000079bc865b0,0x000000079bd00000)
  to   space 27136K, 0% used [0x000000079c500000,0x000000079c500000,0x000000079df80000)
 ParOldGen       total 62976K, used 16726K [0x0000000740000000, 0x0000000743d80000, 0x0000000795580000)
  object space 62976K, 26% used [0x0000000740000000,0x0000000741055bd8,0x0000000743d80000)
 Metaspace       used 23386K, capacity 23660K, committed 23984K, reserved 1071104K
  class space    used 3141K, capacity 3231K, committed 3248K, reserved 1048576K
Event: 11226.057 GC heap after
Heap after GC invocations=75 (full 17):
 PSYoungGen      total 109056K, used 6742K [0x0000000795580000, 0x000000079dd80000, 0x00000007c0000000)
  eden space 83968K, 0% used [0x0000000795580000,0x0000000795580000,0x000000079a780000)
  from space 25088K, 26% used [0x000000079c500000,0x000000079cb95b38,0x000000079dd80000)
  to   space 27648K, 0% used [0x000000079a780000,0x000000079a780000,0x000000079c280000)
 ParOldGen       total 62976K, used 16726K [0x0000000740000000, 0x0000000743d80000, 0x0000000795580000)
  object space 62976K, 26% used [0x0000000740000000,0x0000000741055bd8,0x0000000743d80000)
 Metaspace       used 23386K, capacity 23660K, committed 23984K, reserved 1071104K
  class space    used 3141K, capacity 3231K, committed 3248K, reserved 1048576K
}
Event: 48991.659 GC heap before
{Heap before GC invocations=76 (full 17):
 PSYoungGen      total 109056K, used 90710K [0x0000000795580000, 0x000000079dd80000, 0x00000007c0000000)
  eden space 83968K, 100% used [0x0000000795580000,0x000000079a780000,0x000000079a780000)
  from space 25088K, 26% used [0x000000079c500000,0x000000079cb95b38,0x000000079dd80000)
  to   space 27648K, 0% used [0x000000079a780000,0x000000079a780000,0x000000079c280000)
 ParOldGen       total 62976K, used 16726K [0x0000000740000000, 0x0000000743d80000, 0x0000000795580000)
  object space 62976K, 26% used [0x0000000740000000,0x0000000741055bd8,0x0000000743d80000)
 Metaspace       used 23390K, capacity 23660K, committed 23984K, reserved 1071104K
  class space    used 3141K, capacity 3231K, committed 3248K, reserved 1048576K
Event: 48991.688 GC heap after
Heap after GC invocations=76 (full 17):
 PSYoungGen      total 96256K, used 14649K [0x0000000795580000, 0x000000079d900000, 0x00000007c0000000)
  eden space 81408K, 0% used [0x0000000795580000,0x0000000795580000,0x000000079a500000)
  from space 14848K, 98% used [0x000000079a780000,0x000000079b5ce750,0x000000079b600000)
  to   space 26624K, 0% used [0x000000079bf00000,0x000000079bf00000,0x000000079d900000)
 ParOldGen       total 62976K, used 16726K [0x0000000740000000, 0x0000000743d80000, 0x0000000795580000)
  object space 62976K, 26% used [0x0000000740000000,0x0000000741055bd8,0x0000000743d80000)
 Metaspace       used 23390K, capacity 23660K, committed 23984K, reserved 1071104K
  class space    used 3141K, capacity 3231K, committed 3248K, reserved 1048576K
}
Event: 96037.393 GC heap before
{Heap before GC invocations=77 (full 17):
 PSYoungGen      total 96256K, used 95067K [0x0000000795580000, 0x000000079d900000, 0x00000007c0000000)
  eden space 81408K, 98% used [0x0000000795580000,0x000000079a4087a8,0x000000079a500000)
  from space 14848K, 98% used [0x000000079a780000,0x000000079b5ce750,0x000000079b600000)
  to   space 26624K, 0% used [0x000000079bf00000,0x000000079bf00000,0x000000079d900000)
 ParOldGen       total 62976K, used 16726K [0x0000000740000000, 0x0000000743d80000, 0x0000000795580000)
  object space 62976K, 26% used [0x0000000740000000,0x0000000741055bd8,0x0000000743d80000)
 Metaspace       used 23394K, capacity 23724K, committed 23984K, reserved 1071104K
  class space    used 3142K, capacity 3231K, committed 3248K, reserved 1048576K
Event: 96037.484 GC heap after
Heap after GC invocations=77 (full 17):
 PSYoungGen      total 104960K, used 21713K [0x0000000795580000, 0x000000079d880000, 0x00000007c0000000)
  eden space 78848K, 0% used [0x0000000795580000,0x0000000795580000,0x000000079a280000)
  from space 26112K, 83% used [0x000000079bf00000,0x000000079d434750,0x000000079d880000)
  to   space 27648K, 0% used [0x000000079a280000,0x000000079a280000,0x000000079bd80000)
 ParOldGen       total 62976K, used 21876K [0x0000000740000000, 0x0000000743d80000, 0x0000000795580000)
  object space 62976K, 34% used [0x0000000740000000,0x000000074155d398,0x0000000743d80000)
 Metaspace       used 23394K, capacity 23724K, committed 23984K, reserved 1071104K
  class space    used 3142K, capacity 3231K, committed 3248K, reserved 1048576K
}

