# JRE version: Java(TM) SE Runtime Environment (8.0_31-b13) (build 1.8.0_31-b13)
# Java VM: Java HotSpot(TM) 64-Bit Server VM (25.31-b07 mixed mode bsd-amd64 compressed oops)
Heap:
 PSYoungGen      total 58368K, used 21172K [0x0000000795580000, 0x000000079a480000, 0x00000007c0000000)
  eden space 40960K, 10% used [0x0000000795580000,0x00000007959c5db8,0x0000000797d80000)
  from space 17408K, 96% used [0x0000000797e80000,0x0000000798ee7590,0x0000000798f80000)
  to   space 19968K, 0% used [0x0000000799100000,0x0000000799100000,0x000000079a480000)
 ParOldGen       total 87552K, used 55903K [0x0000000740000000, 0x0000000745580000, 0x0000000795580000)
  object space 87552K, 63% used [0x0000000740000000,0x0000000743697de8,0x0000000745580000)
 Metaspace       used 24152K, capacity 24456K, committed 24832K, reserved 1071104K
  class space    used 3123K, capacity 3205K, committed 3328K, reserved 1048576K
GC Heap History (10 events):
Event: 15327.962 GC heap before
{Heap before GC invocations=1407 (full 142):
 PSYoungGen      total 64512K, used 49901K [0x0000000795580000, 0x000000079aa80000, 0x00000007c0000000)
  eden space 46080K, 96% used [0x0000000795580000,0x00000007980cccd0,0x0000000798280000)
  from space 18432K, 30% used [0x0000000799880000,0x0000000799dee960,0x000000079aa80000)
  to   space 20480K, 0% used [0x0000000798280000,0x0000000798280000,0x0000000799680000)
 ParOldGen       total 87552K, used 34883K [0x0000000740000000, 0x0000000745580000, 0x0000000795580000)
  object space 87552K, 39% used [0x0000000740000000,0x0000000742210c38,0x0000000745580000)
 Metaspace       used 24147K, capacity 24456K, committed 24832K, reserved 1071104K
  class space    used 3123K, capacity 3205K, committed 3328K, reserved 1048576K
Event: 15327.966 GC heap after
Heap after GC invocations=1407 (full 142):
 PSYoungGen      total 49664K, used 4204K [0x0000000795580000, 0x000000079a880000, 0x00000007c0000000)
  eden space 45056K, 0% used [0x0000000795580000,0x0000000795580000,0x0000000798180000)
  from space 4608K, 91% used [0x0000000798280000,0x000000079869b2b8,0x0000000798700000)
  to   space 19968K, 0% used [0x0000000799500000,0x0000000799500000,0x000000079a880000)
 ParOldGen       total 87552K, used 40301K [0x0000000740000000, 0x0000000745580000, 0x0000000795580000)
  object space 87552K, 46% used [0x0000000740000000,0x000000074275b778,0x0000000745580000)
 Metaspace       used 24147K, capacity 24456K, committed 24832K, reserved 1071104K
  class space    used 3123K, capacity 3205K, committed 3328K, reserved 1048576K
}
Event: 15341.529 GC heap before
{Heap before GC invocations=1408 (full 142):
 PSYoungGen      total 49664K, used 44735K [0x0000000795580000, 0x000000079a880000, 0x00000007c0000000)
  eden space 45056K, 89% used [0x0000000795580000,0x0000000797d14a78,0x0000000798180000)
  from space 4608K, 91% used [0x0000000798280000,0x000000079869b2b8,0x0000000798700000)
  to   space 19968K, 0% used [0x0000000799500000,0x0000000799500000,0x000000079a880000)
 ParOldGen       total 87552K, used 40301K [0x0000000740000000, 0x0000000745580000, 0x0000000795580000)
  object space 87552K, 46% used [0x0000000740000000,0x000000074275b778,0x0000000745580000)
 Metaspace       used 24148K, capacity 24456K, committed 24832K, reserved 1071104K
  class space    used 3123K, capacity 3205K, committed 3328K, reserved 1048576K
Event: 15341.534 GC heap after
Heap after GC invocations=1408 (full 142):
 PSYoungGen      total 60928K, used 7612K [0x0000000795580000, 0x000000079a580000, 0x00000007c0000000)
  eden space 44032K, 0% used [0x0000000795580000,0x0000000795580000,0x0000000798080000)
  from space 16896K, 45% used [0x0000000799500000,0x0000000799c6f3f0,0x000000079a580000)
  to   space 18944K, 0% used [0x0000000798080000,0x0000000798080000,0x0000000799300000)
 ParOldGen       total 87552K, used 41613K [0x0000000740000000, 0x0000000745580000, 0x0000000795580000)
  object space 87552K, 47% used [0x0000000740000000,0x00000007428a3508,0x0000000745580000)
 Metaspace       used 24148K, capacity 24456K, committed 24832K, reserved 1071104K
  class space    used 3123K, capacity 3205K, committed 3328K, reserved 1048576K
}
Event: 15346.465 GC heap before
{Heap before GC invocations=1409 (full 142):
 PSYoungGen      total 60928K, used 50889K [0x0000000795580000, 0x000000079a580000, 0x00000007c0000000)
  eden space 44032K, 98% used [0x0000000795580000,0x0000000797fc3268,0x0000000798080000)
  from space 16896K, 45% used [0x0000000799500000,0x0000000799c6f3f0,0x000000079a580000)
  to   space 18944K, 0% used [0x0000000798080000,0x0000000798080000,0x0000000799300000)
 ParOldGen       total 87552K, used 41613K [0x0000000740000000, 0x0000000745580000, 0x0000000795580000)
  object space 87552K, 47% used [0x0000000740000000,0x00000007428a3508,0x0000000745580000)
 Metaspace       used 24149K, capacity 24456K, committed 24832K, reserved 1071104K
  class space    used 3123K, capacity 3205K, committed 3328K, reserved 1048576K
Event: 15346.471 GC heap after
Heap after GC invocations=1409 (full 142):
 PSYoungGen      total 52736K, used 9415K [0x0000000795580000, 0x000000079a380000, 0x00000007c0000000)
  eden space 43008K, 0% used [0x0000000795580000,0x0000000795580000,0x0000000797f80000)
  from space 9728K, 96% used [0x0000000798080000,0x00000007989b1d80,0x0000000798a00000)
  to   space 18432K, 0% used [0x0000000799180000,0x0000000799180000,0x000000079a380000)
 ParOldGen       total 87552K, used 42098K [0x0000000740000000, 0x0000000745580000, 0x0000000795580000)
  object space 87552K, 48% used [0x0000000740000000,0x000000074291cb48,0x0000000745580000)
 Metaspace       used 24149K, capacity 24456K, committed 24832K, reserved 1071104K
  class space    used 3123K, capacity 3205K, committed 3328K, reserved 1048576K
}
Event: 15349.235 GC heap before
{Heap before GC invocations=1410 (full 142):
 PSYoungGen      total 52736K, used 51647K [0x0000000795580000, 0x000000079a380000, 0x00000007c0000000)
  eden space 43008K, 98% used [0x0000000795580000,0x0000000797ebe260,0x0000000797f80000)
  from space 9728K, 96% used [0x0000000798080000,0x00000007989b1d80,0x0000000798a00000)
  to   space 18432K, 0% used [0x0000000799180000,0x0000000799180000,0x000000079a380000)
 ParOldGen       total 87552K, used 42098K [0x0000000740000000, 0x0000000745580000, 0x0000000795580000)
  object space 87552K, 48% used [0x0000000740000000,0x000000074291cb48,0x0000000745580000)
 Metaspace       used 24149K, capacity 24456K, committed 24832K, reserved 1071104K
  class space    used 3123K, capacity 3205K, committed 3328K, reserved 1048576K
Event: 15349.242 GC heap after
Heap after GC invocations=1410 (full 142):
 PSYoungGen      total 57344K, used 5773K [0x0000000795580000, 0x000000079a080000, 0x00000007c0000000)
  eden space 41984K, 0% used [0x0000000795580000,0x0000000795580000,0x0000000797e80000)
  from space 15360K, 37% used [0x0000000799180000,0x0000000799723490,0x000000079a080000)
  to   space 17408K, 0% used [0x0000000797e80000,0x0000000797e80000,0x0000000798f80000)
 ParOldGen       total 87552K, used 42122K [0x0000000740000000, 0x0000000745580000, 0x0000000795580000)
  object space 87552K, 48% used [0x0000000740000000,0x0000000742922b48,0x0000000745580000)
 Metaspace       used 24149K, capacity 24456K, committed 24832K, reserved 1071104K
  class space    used 3123K, capacity 3205K, committed 3328K, reserved 1048576K
}
Event: 19131.171 GC heap before
{Heap before GC invocations=1411 (full 142):
 PSYoungGen      total 57344K, used 44233K [0x0000000795580000, 0x000000079a080000, 0x00000007c0000000)
  eden space 41984K, 91% used [0x0000000795580000,0x0000000797b0f0d0,0x0000000797e80000)
  from space 15360K, 37% used [0x0000000799180000,0x0000000799723490,0x000000079a080000)
  to   space 17408K, 0% used [0x0000000797e80000,0x0000000797e80000,0x0000000798f80000)
 ParOldGen       total 87552K, used 42122K [0x0000000740000000, 0x0000000745580000, 0x0000000795580000)
  object space 87552K, 48% used [0x0000000740000000,0x0000000742922b48,0x0000000745580000)
 Metaspace       used 24151K, capacity 24456K, committed 24832K, reserved 1071104K
  class space    used 3123K, capacity 3205K, committed 3328K, reserved 1048576K
Event: 19131.212 GC heap after
Heap after GC invocations=1411 (full 142):
 PSYoungGen      total 58368K, used 16797K [0x0000000795580000, 0x000000079a480000, 0x00000007c0000000)
  eden space 40960K, 0% used [0x0000000795580000,0x0000000795580000,0x0000000797d80000)
  from space 17408K, 96% used [0x0000000797e80000,0x0000000798ee7590,0x0000000798f80000)
  to   space 19968K, 0% used [0x0000000799100000,0x0000000799100000,0x000000079a480000)
 ParOldGen       total 87552K, used 55903K [0x0000000740000000, 0x0000000745580000, 0x0000000795580000)
  object space 87552K, 63% used [0x0000000740000000,0x0000000743697de8,0x0000000745580000)
 Metaspace       used 24151K, capacity 24456K, committed 24832K, reserved 1071104K
  class space    used 3123K, capacity 3205K, committed 3328K, reserved 1048576K
}

